<?xml version="1.0" encoding="UTF-8"?>
<robot generator="Robot 6.0.2 (Python 3.11.3 on win32)" generated="20230703 10:01:01.682" rpa="false" schemaversion="3">
<suite id="s1" name="Depoimentos Test" source="C:\Users\vinso\workspace\QaCoders\automacao-qacoders\test\depoimentos_test.robot">
<test id="s1-t1" name="Caso de teste 03 - Acesso a área do &quot;Depoinmentos&quot;" line="8">
<kw name="Abrir o navegador" library="keywords" type="SETUP">
<kw name="Open Browser" library="SeleniumLibrary">
<arg>browser=chrome</arg>
<doc>Opens a new browser instance to the optional ``url``.</doc>
<msg timestamp="20230703 10:01:01.930" level="INFO">Opening browser 'chrome' to base url 'None'.</msg>
<status status="PASS" starttime="20230703 10:01:01.930" endtime="20230703 10:01:03.235"/>
</kw>
<kw name="Maximize Browser Window" library="SeleniumLibrary">
<doc>Maximizes current browser window.</doc>
<status status="PASS" starttime="20230703 10:01:03.235" endtime="20230703 10:01:03.362"/>
</kw>
<status status="PASS" starttime="20230703 10:01:01.929" endtime="20230703 10:01:03.362"/>
</kw>
<kw name="Acessar a área &quot;Depoimentos&quot; da página" library="keywords" sourcename="Acessar a área &quot;${ABA}&quot; da página">
<kw name="Acessar a home page do site qacoders.com.br" library="keywords">
<kw name="Go To" library="SeleniumLibrary">
<arg>url=${URL}</arg>
<doc>Navigates the current browser window to the provided ``url``.</doc>
<msg timestamp="20230703 10:01:03.363" level="INFO">Opening url 'https://www.qacoders.com.br/'</msg>
<status status="PASS" starttime="20230703 10:01:03.363" endtime="20230703 10:01:05.293"/>
</kw>
<kw name="Wait Until Element Is Visible" library="SeleniumLibrary">
<arg>locator=//h1[contains(.,'Qualidade é uma Cultura.')]</arg>
<doc>Waits until the element ``locator`` is visible.</doc>
<status status="PASS" starttime="20230703 10:01:05.293" endtime="20230703 10:01:05.319"/>
</kw>
<status status="PASS" starttime="20230703 10:01:03.363" endtime="20230703 10:01:05.319"/>
</kw>
<kw name="Click Element" library="SeleniumLibrary">
<arg>locator=//a[contains(.,'${ABA}')]</arg>
<doc>Click the element identified by ``locator``.</doc>
<msg timestamp="20230703 10:01:05.320" level="INFO">Clicking element '//a[contains(.,'Depoimentos')]'.</msg>
<status status="PASS" starttime="20230703 10:01:05.319" endtime="20230703 10:01:05.385"/>
</kw>
<status status="PASS" starttime="20230703 10:01:03.363" endtime="20230703 10:01:05.385"/>
</kw>
<kw name="Verificar se aparece a frase &quot;O Qa.Coders é feito para os alunos&quot;" library="keywords">
<kw name="Sleep" library="BuiltIn">
<arg>2</arg>
<doc>Pauses the test executed for the given time.</doc>
<msg timestamp="20230703 10:01:07.387" level="INFO">Slept 2 seconds</msg>
<status status="PASS" starttime="20230703 10:01:05.386" endtime="20230703 10:01:07.387"/>
</kw>
<kw name="Wait Until Element Is Visible" library="SeleniumLibrary">
<arg>locator=//h3[contains(.,'O Qa.Coders é feito para os alunos')]</arg>
<doc>Waits until the element ``locator`` is visible.</doc>
<status status="PASS" starttime="20230703 10:01:07.387" endtime="20230703 10:01:07.412"/>
</kw>
<status status="PASS" starttime="20230703 10:01:05.386" endtime="20230703 10:01:07.412"/>
</kw>
<kw name="Fechar o navegador" library="keywords" type="TEARDOWN">
<kw name="Capture Page Screenshot" library="SeleniumLibrary">
<doc>Takes a screenshot of the current page and embeds it into a log file.</doc>
<msg timestamp="20230703 10:01:07.532" level="INFO" html="true">&lt;/td&gt;&lt;/tr&gt;&lt;tr&gt;&lt;td colspan="3"&gt;&lt;a href="selenium-screenshot-1.png"&gt;&lt;img src="selenium-screenshot-1.png" width="800px"&gt;&lt;/a&gt;</msg>
<status status="PASS" starttime="20230703 10:01:07.413" endtime="20230703 10:01:07.532"/>
</kw>
<kw name="Close Browser" library="SeleniumLibrary">
<doc>Closes the current browser.</doc>
<status status="PASS" starttime="20230703 10:01:07.532" endtime="20230703 10:01:09.702"/>
</kw>
<status status="PASS" starttime="20230703 10:01:07.413" endtime="20230703 10:01:09.703"/>
</kw>
<doc>Esse teste verifica e valida o acesso da área de "Depoimentos" da página da Qa.Coders</doc>
<tag>depoimentos</tag>
<status status="PASS" starttime="20230703 10:01:01.929" endtime="20230703 10:01:09.703"/>
</test>
<doc>Essa suite testa a aba Depoimentos do site da Qa.Coders</doc>
<status status="PASS" starttime="20230703 10:01:01.683" endtime="20230703 10:01:09.705"/>
</suite>
<statistics>
<total>
<stat pass="1" fail="0" skip="0">All Tests</stat>
</total>
<tag>
<stat pass="1" fail="0" skip="0">depoimentos</stat>
</tag>
<suite>
<stat pass="1" fail="0" skip="0" id="s1" name="Depoimentos Test">Depoimentos Test</stat>
</suite>
</statistics>
<errors>
</errors>
</robot>
