<?xml version="1.0" encoding="UTF-8"?>
<robot generator="Robot 6.0.2 (Python 3.11.3 on win32)" generated="20230703 10:00:10.253" rpa="false" schemaversion="3">
<suite id="s1" name="Sobrenos Test" source="C:\Users\vinso\workspace\QaCoders\automacao-qacoders\test\sobrenos_test.robot">
<test id="s1-t1" name="Caso de teste 02 - Acesso a área do &quot;Sobre nós&quot;" line="9">
<kw name="Abrir o navegador" library="keywords" type="SETUP">
<kw name="Open Browser" library="SeleniumLibrary">
<arg>browser=chrome</arg>
<doc>Opens a new browser instance to the optional ``url``.</doc>
<msg timestamp="20230703 10:00:10.514" level="INFO">Opening browser 'chrome' to base url 'None'.</msg>
<status status="PASS" starttime="20230703 10:00:10.514" endtime="20230703 10:00:11.864"/>
</kw>
<kw name="Maximize Browser Window" library="SeleniumLibrary">
<doc>Maximizes current browser window.</doc>
<status status="PASS" starttime="20230703 10:00:11.864" endtime="20230703 10:00:12.002"/>
</kw>
<status status="PASS" starttime="20230703 10:00:10.514" endtime="20230703 10:00:12.002"/>
</kw>
<kw name="Acessar a área &quot;Sobre nós&quot; da página" library="keywords" sourcename="Acessar a área &quot;${ABA}&quot; da página">
<kw name="Acessar a home page do site qacoders.com.br" library="keywords">
<kw name="Go To" library="SeleniumLibrary">
<arg>url=${URL}</arg>
<doc>Navigates the current browser window to the provided ``url``.</doc>
<msg timestamp="20230703 10:00:12.008" level="INFO">Opening url 'https://www.qacoders.com.br/'</msg>
<status status="PASS" starttime="20230703 10:00:12.007" endtime="20230703 10:00:13.877"/>
</kw>
<kw name="Wait Until Element Is Visible" library="SeleniumLibrary">
<arg>locator=//h1[contains(.,'Qualidade é uma Cultura.')]</arg>
<doc>Waits until the element ``locator`` is visible.</doc>
<status status="PASS" starttime="20230703 10:00:13.877" endtime="20230703 10:00:13.907"/>
</kw>
<status status="PASS" starttime="20230703 10:00:12.007" endtime="20230703 10:00:13.908"/>
</kw>
<kw name="Click Element" library="SeleniumLibrary">
<arg>locator=//a[contains(.,'${ABA}')]</arg>
<doc>Click the element identified by ``locator``.</doc>
<msg timestamp="20230703 10:00:13.908" level="INFO">Clicking element '//a[contains(.,'Sobre nós')]'.</msg>
<status status="PASS" starttime="20230703 10:00:13.908" endtime="20230703 10:00:13.978"/>
</kw>
<status status="PASS" starttime="20230703 10:00:12.006" endtime="20230703 10:00:13.978"/>
</kw>
<kw name="Verificar se está na área &quot;Sobre nós&quot;" library="keywords" sourcename="Verificar se está na área &quot;${ÁREA}&quot;">
<kw name="Sleep" library="BuiltIn">
<arg>2</arg>
<doc>Pauses the test executed for the given time.</doc>
<msg timestamp="20230703 10:00:15.979" level="INFO">Slept 2 seconds</msg>
<status status="PASS" starttime="20230703 10:00:13.979" endtime="20230703 10:00:15.979"/>
</kw>
<kw name="Wait Until Page Contains" library="SeleniumLibrary">
<arg>text=${ÁREA}</arg>
<doc>Waits until ``text`` appears on the current page.</doc>
<status status="PASS" starttime="20230703 10:00:15.979" endtime="20230703 10:00:15.993"/>
</kw>
<status status="PASS" starttime="20230703 10:00:13.978" endtime="20230703 10:00:15.993"/>
</kw>
<kw name="Verificar se aparece a interação &quot;Missão&quot;" library="keywords">
<kw name="Click Element" library="SeleniumLibrary">
<arg>locator=//h4[contains(.,'Missão')]</arg>
<doc>Click the element identified by ``locator``.</doc>
<msg timestamp="20230703 10:00:15.994" level="INFO">Clicking element '//h4[contains(.,'Missão')]'.</msg>
<status status="PASS" starttime="20230703 10:00:15.994" endtime="20230703 10:00:16.061"/>
</kw>
<kw name="Wait Until Element Is Visible" library="SeleniumLibrary">
<arg>locator=//span[@class='MuiTypography-root MuiTypography-body1 MuiListItemText-primary css-yb0lig'][contains(.,'Através de nosso programa de formação, treinamento e parcerias, buscamos gerar oportunidades para aqueles que desejam migrar para a área de Qualidade, Desenvolvimento de Software e não sabem por onde começar. Para ajudar na migração, criamos no projeto um ambiente de desenvolvimento teórico e prático')]</arg>
<doc>Waits until the element ``locator`` is visible.</doc>
<status status="PASS" starttime="20230703 10:00:16.062" endtime="20230703 10:00:16.095"/>
</kw>
<kw name="Click Element" library="SeleniumLibrary">
<arg>locator=//h4[contains(.,'Missão')]</arg>
<doc>Click the element identified by ``locator``.</doc>
<msg timestamp="20230703 10:00:16.095" level="INFO">Clicking element '//h4[contains(.,'Missão')]'.</msg>
<status status="PASS" starttime="20230703 10:00:16.095" endtime="20230703 10:00:16.144"/>
</kw>
<status status="PASS" starttime="20230703 10:00:15.993" endtime="20230703 10:00:16.145"/>
</kw>
<kw name="Verificar se aparece a interação &quot;Visão&quot;" library="keywords">
<kw name="Click Element" library="SeleniumLibrary">
<arg>locator=//h4[contains(.,'Visão')]</arg>
<doc>Click the element identified by ``locator``.</doc>
<msg timestamp="20230703 10:00:16.146" level="INFO">Clicking element '//h4[contains(.,'Visão')]'.</msg>
<status status="PASS" starttime="20230703 10:00:16.145" endtime="20230703 10:00:16.216"/>
</kw>
<kw name="Wait Until Element Is Visible" library="SeleniumLibrary">
<arg>locator=//li[contains(.,'Qualidade é uma cultura e não se aplica Qualidade se a cultura das pessoas não mudar primeiro. Você pode ter os melhores processos, os melhores profissionais, as melhores teclogias, mas se as pessoas não enxergarem o valor daquela ação, não se aplica Qualidade. Porque ninguém executa algo, em que ela não acredita.')]</arg>
<doc>Waits until the element ``locator`` is visible.</doc>
<status status="PASS" starttime="20230703 10:00:16.216" endtime="20230703 10:00:16.239"/>
</kw>
<kw name="Click Element" library="SeleniumLibrary">
<arg>locator=//h4[contains(.,'Visão')]</arg>
<doc>Click the element identified by ``locator``.</doc>
<msg timestamp="20230703 10:00:16.240" level="INFO">Clicking element '//h4[contains(.,'Visão')]'.</msg>
<status status="PASS" starttime="20230703 10:00:16.239" endtime="20230703 10:00:16.287"/>
</kw>
<status status="PASS" starttime="20230703 10:00:16.145" endtime="20230703 10:00:16.287"/>
</kw>
<kw name="Verificar se aparece a interação &quot;Valores&quot;" library="keywords">
<kw name="Click Element" library="SeleniumLibrary">
<arg>locator=//h4[contains(.,'Valores')]</arg>
<doc>Click the element identified by ``locator``.</doc>
<msg timestamp="20230703 10:00:16.288" level="INFO">Clicking element '//h4[contains(.,'Valores')]'.</msg>
<status status="PASS" starttime="20230703 10:00:16.288" endtime="20230703 10:00:16.357"/>
</kw>
<kw name="Wait Until Element Is Visible" library="SeleniumLibrary">
<arg>locator=//span[contains(.,'Não abrimos mão da ética, empatia e transparência. Acreditamos que o conhecimento e educação é a maior arma para o desenvolvimento do potencial humano, por isso incentivamos e geramos oportunidades de aprendizado teórico e prático.')]</arg>
<doc>Waits until the element ``locator`` is visible.</doc>
<status status="PASS" starttime="20230703 10:00:16.357" endtime="20230703 10:00:16.596"/>
</kw>
<kw name="Click Element" library="SeleniumLibrary">
<arg>locator=//h4[contains(.,'Valores')]</arg>
<doc>Click the element identified by ``locator``.</doc>
<msg timestamp="20230703 10:00:16.596" level="INFO">Clicking element '//h4[contains(.,'Valores')]'.</msg>
<status status="PASS" starttime="20230703 10:00:16.596" endtime="20230703 10:00:16.643"/>
</kw>
<status status="PASS" starttime="20230703 10:00:16.288" endtime="20230703 10:00:16.643"/>
</kw>
<kw name="Fechar o navegador" library="keywords" type="TEARDOWN">
<kw name="Capture Page Screenshot" library="SeleniumLibrary">
<doc>Takes a screenshot of the current page and embeds it into a log file.</doc>
<msg timestamp="20230703 10:00:16.819" level="INFO" html="true">&lt;/td&gt;&lt;/tr&gt;&lt;tr&gt;&lt;td colspan="3"&gt;&lt;a href="selenium-screenshot-1.png"&gt;&lt;img src="selenium-screenshot-1.png" width="800px"&gt;&lt;/a&gt;</msg>
<status status="PASS" starttime="20230703 10:00:16.643" endtime="20230703 10:00:16.820"/>
</kw>
<kw name="Close Browser" library="SeleniumLibrary">
<doc>Closes the current browser.</doc>
<status status="PASS" starttime="20230703 10:00:16.820" endtime="20230703 10:00:19.050"/>
</kw>
<status status="PASS" starttime="20230703 10:00:16.643" endtime="20230703 10:00:19.051"/>
</kw>
<doc>Esse teste verufica e valida o acesso da área do "Sobre nós" da página do Qa.Coders</doc>
<tag>sobre_nos</tag>
<status status="PASS" starttime="20230703 10:00:10.512" endtime="20230703 10:00:19.052"/>
</test>
<doc>Essa suite testa a aba Sobre Nós do site da Qa.Coders</doc>
<status status="PASS" starttime="20230703 10:00:10.256" endtime="20230703 10:00:19.057"/>
</suite>
<statistics>
<total>
<stat pass="1" fail="0" skip="0">All Tests</stat>
</total>
<tag>
<stat pass="1" fail="0" skip="0">sobre_nos</stat>
</tag>
<suite>
<stat pass="1" fail="0" skip="0" id="s1" name="Sobrenos Test">Sobrenos Test</stat>
</suite>
</statistics>
<errors>
</errors>
</robot>
