<?xml version="1.0" encoding="UTF-8"?>
<robot generator="Robot 6.0.2 (Python 3.11.3 on win32)" generated="20230703 10:00:36.288" rpa="false" schemaversion="3">
<suite id="s1" name="Homepage Test" source="C:\Users\vinso\workspace\QaCoders\automacao-qacoders\test\homepage_test.robot">
<test id="s1-t1" name="Caso de teste 01 - Acesso a página do &quot;Qa.Coders&quot;" line="10">
<kw name="Abrir o navegador" library="keywords" type="SETUP">
<kw name="Open Browser" library="SeleniumLibrary">
<arg>browser=chrome</arg>
<doc>Opens a new browser instance to the optional ``url``.</doc>
<msg timestamp="20230703 10:00:36.527" level="INFO">Opening browser 'chrome' to base url 'None'.</msg>
<status status="PASS" starttime="20230703 10:00:36.527" endtime="20230703 10:00:37.699"/>
</kw>
<kw name="Maximize Browser Window" library="SeleniumLibrary">
<doc>Maximizes current browser window.</doc>
<status status="PASS" starttime="20230703 10:00:37.699" endtime="20230703 10:00:37.823"/>
</kw>
<status status="PASS" starttime="20230703 10:00:36.526" endtime="20230703 10:00:37.823"/>
</kw>
<kw name="Acessar a home page do site qacoders.com.br" library="keywords">
<kw name="Go To" library="SeleniumLibrary">
<arg>url=${URL}</arg>
<doc>Navigates the current browser window to the provided ``url``.</doc>
<msg timestamp="20230703 10:00:37.825" level="INFO">Opening url 'https://www.qacoders.com.br/'</msg>
<status status="PASS" starttime="20230703 10:00:37.824" endtime="20230703 10:00:38.374"/>
</kw>
<kw name="Wait Until Element Is Visible" library="SeleniumLibrary">
<arg>locator=//h1[contains(.,'Qualidade é uma Cultura.')]</arg>
<doc>Waits until the element ``locator`` is visible.</doc>
<status status="PASS" starttime="20230703 10:00:38.374" endtime="20230703 10:00:38.450"/>
</kw>
<status status="PASS" starttime="20230703 10:00:37.824" endtime="20230703 10:00:38.450"/>
</kw>
<kw name="Verificar se aparece a frase &quot;Qualidade é uma Cultura.&quot;" library="keywords">
<kw name="Wait Until Page Contains" library="SeleniumLibrary">
<arg>text=Qualidade é uma Cultura.</arg>
<doc>Waits until ``text`` appears on the current page.</doc>
<status status="PASS" starttime="20230703 10:00:38.453" endtime="20230703 10:00:38.481"/>
</kw>
<status status="PASS" starttime="20230703 10:00:38.453" endtime="20230703 10:00:38.481"/>
</kw>
<kw name="Fechar o navegador" library="keywords" type="TEARDOWN">
<kw name="Capture Page Screenshot" library="SeleniumLibrary">
<doc>Takes a screenshot of the current page and embeds it into a log file.</doc>
<msg timestamp="20230703 10:00:38.627" level="INFO" html="true">&lt;/td&gt;&lt;/tr&gt;&lt;tr&gt;&lt;td colspan="3"&gt;&lt;a href="selenium-screenshot-1.png"&gt;&lt;img src="selenium-screenshot-1.png" width="800px"&gt;&lt;/a&gt;</msg>
<status status="PASS" starttime="20230703 10:00:38.483" endtime="20230703 10:00:38.627"/>
</kw>
<kw name="Close Browser" library="SeleniumLibrary">
<doc>Closes the current browser.</doc>
<status status="PASS" starttime="20230703 10:00:38.627" endtime="20230703 10:00:40.916"/>
</kw>
<status status="PASS" starttime="20230703 10:00:38.483" endtime="20230703 10:00:40.916"/>
</kw>
<doc>Esse teste verifica o acesso a Home page do site da Qa.Coders</doc>
<tag>homepage</tag>
<status status="PASS" starttime="20230703 10:00:36.524" endtime="20230703 10:00:40.917"/>
</test>
<doc>Essa suite testa a homepage do site da Qa.Coders</doc>
<status status="PASS" starttime="20230703 10:00:36.289" endtime="20230703 10:00:40.918"/>
</suite>
<statistics>
<total>
<stat pass="1" fail="0" skip="0">All Tests</stat>
</total>
<tag>
<stat pass="1" fail="0" skip="0">homepage</stat>
</tag>
<suite>
<stat pass="1" fail="0" skip="0" id="s1" name="Homepage Test">Homepage Test</stat>
</suite>
</statistics>
<errors>
</errors>
</robot>
