<?xml version="1.0" encoding="UTF-8"?>
<robot generator="Robot 6.0.2 (Python 3.11.3 on win32)" generated="20230703 10:02:05.551" rpa="false" schemaversion="3">
<suite id="s1" name="Faleconosco Test" source="C:\Users\vinso\workspace\QaCoders\automacao-qacoders\test\faleconosco_test.robot">
<test id="s1-t1" name="Caso de teste 14 - Acesso a área de &quot;Fale Conosco&quot;" line="8">
<kw name="Abrir o navegador" library="keywords" type="SETUP">
<kw name="Open Browser" library="SeleniumLibrary">
<arg>browser=chrome</arg>
<doc>Opens a new browser instance to the optional ``url``.</doc>
<msg timestamp="20230703 10:02:05.799" level="INFO">Opening browser 'chrome' to base url 'None'.</msg>
<status status="PASS" starttime="20230703 10:02:05.799" endtime="20230703 10:02:06.972"/>
</kw>
<kw name="Maximize Browser Window" library="SeleniumLibrary">
<doc>Maximizes current browser window.</doc>
<status status="PASS" starttime="20230703 10:02:06.973" endtime="20230703 10:02:07.128"/>
</kw>
<status status="PASS" starttime="20230703 10:02:05.798" endtime="20230703 10:02:07.128"/>
</kw>
<kw name="Acessar a área &quot;Fale Conosco&quot; da página" library="keywords" sourcename="Acessar a área &quot;${ABA}&quot; da página">
<kw name="Acessar a home page do site qacoders.com.br" library="keywords">
<kw name="Go To" library="SeleniumLibrary">
<arg>url=${URL}</arg>
<doc>Navigates the current browser window to the provided ``url``.</doc>
<msg timestamp="20230703 10:02:07.140" level="INFO">Opening url 'https://www.qacoders.com.br/'</msg>
<status status="PASS" starttime="20230703 10:02:07.140" endtime="20230703 10:02:08.888"/>
</kw>
<kw name="Wait Until Element Is Visible" library="SeleniumLibrary">
<arg>locator=//h1[contains(.,'Qualidade é uma Cultura.')]</arg>
<doc>Waits until the element ``locator`` is visible.</doc>
<status status="PASS" starttime="20230703 10:02:08.888" endtime="20230703 10:02:08.917"/>
</kw>
<status status="PASS" starttime="20230703 10:02:07.139" endtime="20230703 10:02:08.918"/>
</kw>
<kw name="Click Element" library="SeleniumLibrary">
<arg>locator=//a[contains(.,'${ABA}')]</arg>
<doc>Click the element identified by ``locator``.</doc>
<msg timestamp="20230703 10:02:08.918" level="INFO">Clicking element '//a[contains(.,'Fale Conosco')]'.</msg>
<status status="PASS" starttime="20230703 10:02:08.918" endtime="20230703 10:02:08.981"/>
</kw>
<status status="PASS" starttime="20230703 10:02:07.139" endtime="20230703 10:02:08.982"/>
</kw>
<kw name="Verificar se está na área &quot;Fale &quot;" library="keywords" sourcename="Verificar se está na área &quot;${ÁREA}&quot;">
<kw name="Sleep" library="BuiltIn">
<arg>2</arg>
<doc>Pauses the test executed for the given time.</doc>
<msg timestamp="20230703 10:02:10.982" level="INFO">Slept 2 seconds</msg>
<status status="PASS" starttime="20230703 10:02:08.982" endtime="20230703 10:02:10.982"/>
</kw>
<kw name="Wait Until Page Contains" library="SeleniumLibrary">
<arg>text=${ÁREA}</arg>
<doc>Waits until ``text`` appears on the current page.</doc>
<status status="PASS" starttime="20230703 10:02:10.982" endtime="20230703 10:02:10.995"/>
</kw>
<status status="PASS" starttime="20230703 10:02:08.982" endtime="20230703 10:02:10.995"/>
</kw>
<kw name="Fechar o navegador" library="keywords" type="TEARDOWN">
<kw name="Capture Page Screenshot" library="SeleniumLibrary">
<doc>Takes a screenshot of the current page and embeds it into a log file.</doc>
<msg timestamp="20230703 10:02:11.126" level="INFO" html="true">&lt;/td&gt;&lt;/tr&gt;&lt;tr&gt;&lt;td colspan="3"&gt;&lt;a href="selenium-screenshot-1.png"&gt;&lt;img src="selenium-screenshot-1.png" width="800px"&gt;&lt;/a&gt;</msg>
<status status="PASS" starttime="20230703 10:02:10.995" endtime="20230703 10:02:11.127"/>
</kw>
<kw name="Close Browser" library="SeleniumLibrary">
<doc>Closes the current browser.</doc>
<status status="PASS" starttime="20230703 10:02:11.127" endtime="20230703 10:02:13.406"/>
</kw>
<status status="PASS" starttime="20230703 10:02:10.995" endtime="20230703 10:02:13.407"/>
</kw>
<doc>Esse teste verifica e valida o acesso da área de "Fale Conosco" da página do Qa.Coders</doc>
<tag>fale_conosco</tag>
<status status="PASS" starttime="20230703 10:02:05.795" endtime="20230703 10:02:13.407"/>
</test>
<doc>Essa suite testa a aba Fale Conosco do site da Qa.Coders</doc>
<status status="PASS" starttime="20230703 10:02:05.552" endtime="20230703 10:02:13.409"/>
</suite>
<statistics>
<total>
<stat pass="1" fail="0" skip="0">All Tests</stat>
</total>
<tag>
<stat pass="1" fail="0" skip="0">fale_conosco</stat>
</tag>
<suite>
<stat pass="1" fail="0" skip="0" id="s1" name="Faleconosco Test">Faleconosco Test</stat>
</suite>
</statistics>
<errors>
</errors>
</robot>
